<?xml version="1.0" encoding="UTF-8"?>
<!-- Generated by org.testng.reporters.JUnitReportReporter -->
<testsuite skipped="7" hostname="DESKTOP-9GTL4K1" name="testng.BrandPage" tests="7" failures="0" timestamp="2023-04-04T17:02:56 IST" time="0.000" errors="0">
  <testcase name="t001_brandsAdd" time="0.000" classname="testng.BrandPage">
    <skipped/>
  </testcase> <!-- t001_brandsAdd -->
  <system-out/>
  <testcase name="t001_brandsAdd" time="0.000" classname="testng.BrandPage">
    <skipped/>
  </testcase> <!-- t001_brandsAdd -->
  <system-out/>
  <testcase name="t002_brandSearch" time="0.000" classname="testng.BrandPage">
    <skipped/>
  </testcase> <!-- t002_brandSearch -->
  <system-out/>
  <testcase name="t003_brandDeleteConfirm" time="0.000" classname="testng.BrandPage">
    <skipped/>
  </testcase> <!-- t003_brandDeleteConfirm -->
  <system-out/>
  <testcase name="t004_brandDeleteCancel" time="0.000" classname="testng.BrandPage">
    <skipped/>
  </testcase> <!-- t004_brandDeleteCancel -->
  <system-out/>
  <testcase name="t005_brandEdit" time="0.000" classname="testng.BrandPage">
    <skipped/>
  </testcase> <!-- t005_brandEdit -->
  <system-out/>
  <testcase name="t006_brandEntries" time="0.000" classname="testng.BrandPage">
    <skipped/>
  </testcase> <!-- t006_brandEntries -->
  <system-out/>
</testsuite> <!-- testng.BrandPage -->
