<?xml version="1.0" encoding="UTF-8"?>
<!-- Generated by org.testng.reporters.JUnitReportReporter -->
<testsuite hostname="DESKTOP-9GTL4K1" failures="0" tests="7" name="testng.BrandPage" time="0.000" errors="0" timestamp="2023-03-27T09:11:12 IST" skipped="7">
  <testcase classname="testng.BrandPage" name="t001_brandsAdd" time="0.000">
    <skipped/>
  </testcase> <!-- t001_brandsAdd -->
  <system-out/>
  <testcase classname="testng.BrandPage" name="t001_brandsAdd" time="0.000">
    <skipped/>
  </testcase> <!-- t001_brandsAdd -->
  <system-out/>
  <testcase classname="testng.BrandPage" name="t002_brandSearch" time="0.000">
    <skipped/>
  </testcase> <!-- t002_brandSearch -->
  <system-out/>
  <testcase classname="testng.BrandPage" name="t003_brandDeleteConfirm" time="0.000">
    <skipped/>
  </testcase> <!-- t003_brandDeleteConfirm -->
  <system-out/>
  <testcase classname="testng.BrandPage" name="t004_brandDeleteCancel" time="0.000">
    <skipped/>
  </testcase> <!-- t004_brandDeleteCancel -->
  <system-out/>
  <testcase classname="testng.BrandPage" name="t005_brandEdit" time="0.000">
    <skipped/>
  </testcase> <!-- t005_brandEdit -->
  <system-out/>
  <testcase classname="testng.BrandPage" name="t006_brandEntries" time="0.000">
    <skipped/>
  </testcase> <!-- t006_brandEntries -->
  <system-out/>
</testsuite> <!-- testng.BrandPage -->
