<?xml version="1.0" encoding="UTF-8"?>
<!-- Generated by org.testng.reporters.JUnitReportReporter -->
<testsuite skipped="0" hostname="DESKTOP-9GTL4K1" name="testng.ListProductDetail" tests="1" failures="0" timestamp="2023-04-09T22:46:11 IST" time="10.979" errors="0">
  <testcase name="t001_login" time="10.979" classname="testng.ListProductDetail"/>
  <system-out/>
</testsuite> <!-- testng.ListProductDetail -->
