<?xml version="1.0" encoding="UTF-8"?>
<!-- Generated by org.testng.reporters.JUnitReportReporter -->
<testsuite skipped="6" hostname="DESKTOP-9GTL4K1" name="testng.CategoryPage" tests="6" failures="0" timestamp="2023-04-04T17:02:56 IST" time="0.000" errors="0">
  <testcase name="t001_categoryAdd" time="0.000" classname="testng.CategoryPage">
    <skipped/>
  </testcase> <!-- t001_categoryAdd -->
  <system-out/>
  <testcase name="t002_categorySearch" time="0.000" classname="testng.CategoryPage">
    <skipped/>
  </testcase> <!-- t002_categorySearch -->
  <system-out/>
  <testcase name="t003_categoryDeleteConfirm" time="0.000" classname="testng.CategoryPage">
    <skipped/>
  </testcase> <!-- t003_categoryDeleteConfirm -->
  <system-out/>
  <testcase name="t004_categoryDeleteCancel" time="0.000" classname="testng.CategoryPage">
    <skipped/>
  </testcase> <!-- t004_categoryDeleteCancel -->
  <system-out/>
  <testcase name="t005_categoryEdit" time="0.000" classname="testng.CategoryPage">
    <skipped/>
  </testcase> <!-- t005_categoryEdit -->
  <system-out/>
  <testcase name="t006_categoryEntries" time="0.000" classname="testng.CategoryPage">
    <skipped/>
  </testcase> <!-- t006_categoryEntries -->
  <system-out/>
</testsuite> <!-- testng.CategoryPage -->
