<?xml version="1.0" encoding="UTF-8"?>
<!-- Generated by org.testng.reporters.JUnitReportReporter -->
<testsuite skipped="4" hostname="DESKTOP-9GTL4K1" name="testng.ListProductDetail" tests="4" failures="0" timestamp="2023-04-04T17:02:56 IST" time="0.000" errors="0">
  <testcase name="t001_login" time="0.000" classname="testng.ListProductDetail">
    <skipped/>
  </testcase> <!-- t001_login -->
  <system-out/>
  <testcase name="t002_addProductDetails" time="0.000" classname="testng.ListProductDetail">
    <skipped/>
  </testcase> <!-- t002_addProductDetails -->
  <system-out/>
  <testcase name="t003_addProductFail" time="0.000" classname="testng.ListProductDetail">
    <skipped/>
  </testcase> <!-- t003_addProductFail -->
  <system-out/>
  <testcase name="t004_addProductskip" time="0.000" classname="testng.ListProductDetail">
    <skipped/>
  </testcase> <!-- t004_addProductskip -->
  <system-out/>
</testsuite> <!-- testng.ListProductDetail -->
