<?xml version="1.0" encoding="UTF-8"?>
<!-- Generated by org.testng.reporters.JUnitReportReporter -->
<testsuite hostname="DESKTOP-9GTL4K1" failures="0" tests="2" name="testng.LoginPage" time="12.944" errors="0" timestamp="2023-03-28T22:36:43 IST" skipped="0">
  <testcase classname="testng.LoginPage" name="loginSite" time="5.647"/>
  <system-out/>
  <testcase classname="testng.LoginPage" name="loginSite" time="7.297"/>
  <system-out/>
</testsuite> <!-- testng.LoginPage -->
