<?xml version="1.0" encoding="UTF-8"?>
<!-- Generated by org.testng.reporters.JUnitReportReporter -->
<testsuite hostname="DESKTOP-9GTL4K1" failures="0" tests="6" name="testng.UnitsPage" time="32.403" errors="0" timestamp="2023-03-24T23:15:40 IST" skipped="0">
  <testcase classname="testng.UnitsPage" name="T001_unitAdd" time="9.295"/>
  <system-out/>
  <testcase classname="testng.UnitsPage" name="T002_unitSearch" time="4.585"/>
  <system-out/>
  <testcase classname="testng.UnitsPage" name="T003_unitDeleteConfirm" time="3.787"/>
  <system-out/>
  <testcase classname="testng.UnitsPage" name="T004_unitDeleteCancel" time="4.102"/>
  <system-out/>
  <testcase classname="testng.UnitsPage" name="T005_unitEdit" time="5.090"/>
  <system-out/>
  <testcase classname="testng.UnitsPage" name="T006_unitEntries" time="5.544"/>
  <system-out/>
</testsuite> <!-- testng.UnitsPage -->
