<?xml version="1.0" encoding="UTF-8"?>
<!-- Generated by org.testng.reporters.JUnitReportReporter -->
<testsuite skipped="6" hostname="DESKTOP-9GTL4K1" name="testng.UnitsPage" tests="6" failures="0" timestamp="2023-04-04T17:02:56 IST" time="0.000" errors="0">
  <testcase name="T001_unitAdd" time="0.000" classname="testng.UnitsPage">
    <skipped/>
  </testcase> <!-- T001_unitAdd -->
  <system-out/>
  <testcase name="T002_unitSearch" time="0.000" classname="testng.UnitsPage">
    <skipped/>
  </testcase> <!-- T002_unitSearch -->
  <system-out/>
  <testcase name="T003_unitDeleteConfirm" time="0.000" classname="testng.UnitsPage">
    <skipped/>
  </testcase> <!-- T003_unitDeleteConfirm -->
  <system-out/>
  <testcase name="T004_unitDeleteCancel" time="0.000" classname="testng.UnitsPage">
    <skipped/>
  </testcase> <!-- T004_unitDeleteCancel -->
  <system-out/>
  <testcase name="T005_unitEdit" time="0.000" classname="testng.UnitsPage">
    <skipped/>
  </testcase> <!-- T005_unitEdit -->
  <system-out/>
  <testcase name="T006_unitEntries" time="0.000" classname="testng.UnitsPage">
    <skipped/>
  </testcase> <!-- T006_unitEntries -->
  <system-out/>
</testsuite> <!-- testng.UnitsPage -->
