<?xml version="1.0" encoding="UTF-8"?>
<!-- Generated by org.testng.reporters.JUnitReportReporter -->
<testsuite hostname="DESKTOP-9GTL4K1" failures="0" tests="2" name="testng.Units_add" time="10.856" errors="0" timestamp="2023-03-10T13:24:20 IST" skipped="1">
  <testcase classname="testng.Units_add" name="T001_unitAdd" time="10.856"/>
  <system-out/>
  <testcase classname="testng.Units_add" name="T002_unitSearch">
    <skipped/>
  </testcase> <!-- T002_unitSearch -->
  <system-out/>
</testsuite> <!-- testng.Units_add -->
